
Lmod is automatically replacing "cce/15.0.0" with "aocc/4.0.0".


Lmod is automatically replacing "PrgEnv-cray/8.3.3" with "PrgEnv-aocc/8.3.3".


Due to MODULEPATH changes, the following have been reloaded:
  1) cray-mpich/8.1.23


Lmod is automatically replacing "craype-network-ofi" with "craype-network-ucx".


Inactive Modules:
  1) cray-mpich

[1;31m==>[0m Error: [Errno 13] Permission denied: '/home/e738'
Starting Job
Instantiating function space.
Instantiating function space.
Instantiating function space.
Instantiating function space.
Instantiating function space.
Instantiating function space.
Instantiating function space.
Instantiating function space.
Instantiating function space.
Instantiating function space.
Instantiating function space.
Instantiating function space.
Instantiating function space.
Instantiating function space.
Instantiating function space.
Instantiating function space.
Instantiating function space.
Instantiating function space.
Instantiating function space.
Instantiating function space.
Instantiating function space.
Instantiating function space.
Instantiating function space.
Instantiating function space.
Instantiating function space.
Instantiating function space.
Instantiating function space.
Instantiating function space.
Instantiating function space.
Instantiating function space.
Instantiating function space.
Grid generated in 6666 ms
Instantiating function space.
srun: Job step aborted: Waiting up to 32 seconds for job step to finish.
slurmstepd: error: *** STEP 8650188.0 ON nid001949 CANCELLED AT 2025-02-06T10:45:06 ***
slurmstepd: error: *** JOB 8650188 ON nid001949 CANCELLED AT 2025-02-06T10:45:06 ***
